<?xml version="1.0" encoding="UTF-8"?>
<!-- Generated by org.testng.reporters.JUnitReportReporter -->
<testsuite name="com.org.metric1.Shangrila.HelloMavenTest" tests="2" time="21.732" ignored="0" failures="0" timestamp="20 Sep 2019 13:22:29 GMT" skipped="0" hostname="DESKTOP-ETOQSV5" errors="0">
  <testcase name="raghu" time="11.405" classname="com.org.metric1.Shangrila.HelloMavenTest"/>
  <testcase name="EntringTestFirst" time="10.327" classname="com.org.metric1.Shangrila.HelloMavenTest"/>
</testsuite> <!-- com.org.metric1.Shangrila.HelloMavenTest -->
